# JRE version: OpenJDK Runtime Environment Temurin-21.0.7+6 (21.0.7+6) (build 21.0.7+6-LTS)
# Java VM: OpenJDK 64-Bit Server VM Temurin-21.0.7+6 (21.0.7+6-LTS, mixed mode, sharing, tiered, compressed oops, compressed class ptrs, parallel gc, windows-amd64)
GC Precious Log:
 CardTable entry size: 512
 CPUs: 12 total, 12 available
 Memory: 7922M
 Large Page Support: Disabled
 NUMA Support: Disabled
 Compressed Oops: Enabled (32-bit)
 Alignments: Space 512K, Generation 512K, Heap 2M
 Heap Min Capacity: 100M
 Heap Initial Capacity: 100M
 Heap Max Capacity: 1G
 Pre-touch: Disabled
 Parallel Workers: 10
Heap:
 PSYoungGen      total 14336K, used 11301K [0x00000000eab00000, 0x00000000ebd00000, 0x0000000100000000)
  eden space 10240K, 70% used [0x00000000eab00000,0x00000000eb20b6e8,0x00000000eb500000)
  from space 4096K, 99% used [0x00000000eb900000,0x00000000ebcfdf00,0x00000000ebd00000)
  to   space 1024K, 98% used [0x00000000eb600000,0x00000000eb6fc010,0x00000000eb700000)
 ParOldGen       total 528384K, used 528376K [0x00000000c0000000, 0x00000000e0480000, 0x00000000eab00000)
  object space 528384K, 99% used [0x00000000c0000000,0x00000000e03fe120,0x00000000e0400000)
 Metaspace       used 85815K, committed 87360K, reserved 1179648K
  class space    used 8490K, committed 9152K, reserved 1048576K
GC Heap History (20 events):
Event: 34240.676 GC heap after
{Heap after GC invocations=1797 (full 6):
 PSYoungGen      total 12288K, used 1204K [0x00000000eab00000, 0x00000000eb980000, 0x0000000100000000)
  eden space 10240K, 0% used [0x00000000eab00000,0x00000000eab00000,0x00000000eb500000)
  from space 2048K, 58% used [0x00000000eb600000,0x00000000eb72d200,0x00000000eb800000)
  to   space 1536K, 0% used [0x00000000eb800000,0x00000000eb800000,0x00000000eb980000)
 ParOldGen       total 496640K, used 496331K [0x00000000c0000000, 0x00000000de500000, 0x00000000eab00000)
  object space 496640K, 99% used [0x00000000c0000000,0x00000000de4b2f18,0x00000000de500000)
 Metaspace       used 85770K, committed 87296K, reserved 1179648K
  class space    used 8488K, committed 9152K, reserved 1048576K
}
Event: 34240.966 GC heap before
{Heap before GC invocations=1798 (full 6):
 PSYoungGen      total 12288K, used 11444K [0x00000000eab00000, 0x00000000eb980000, 0x0000000100000000)
  eden space 10240K, 100% used [0x00000000eab00000,0x00000000eb500000,0x00000000eb500000)
  from space 2048K, 58% used [0x00000000eb600000,0x00000000eb72d200,0x00000000eb800000)
  to   space 1536K, 0% used [0x00000000eb800000,0x00000000eb800000,0x00000000eb980000)
 ParOldGen       total 496640K, used 496331K [0x00000000c0000000, 0x00000000de500000, 0x00000000eab00000)
  object space 496640K, 99% used [0x00000000c0000000,0x00000000de4b2f18,0x00000000de500000)
 Metaspace       used 85779K, committed 87296K, reserved 1179648K
  class space    used 8489K, committed 9152K, reserved 1048576K
}
Event: 34240.968 GC heap after
{Heap after GC invocations=1798 (full 6):
 PSYoungGen      total 11264K, used 772K [0x00000000eab00000, 0x00000000eb900000, 0x0000000100000000)
  eden space 10240K, 0% used [0x00000000eab00000,0x00000000eab00000,0x00000000eb500000)
  from space 1024K, 75% used [0x00000000eb800000,0x00000000eb8c1210,0x00000000eb900000)
  to   space 1024K, 0% used [0x00000000eb700000,0x00000000eb700000,0x00000000eb800000)
 ParOldGen       total 497664K, used 497428K [0x00000000c0000000, 0x00000000de600000, 0x00000000eab00000)
  object space 497664K, 99% used [0x00000000c0000000,0x00000000de5c5198,0x00000000de600000)
 Metaspace       used 85779K, committed 87296K, reserved 1179648K
  class space    used 8489K, committed 9152K, reserved 1048576K
}
Event: 34241.089 GC heap before
{Heap before GC invocations=1799 (full 6):
 PSYoungGen      total 11264K, used 11012K [0x00000000eab00000, 0x00000000eb900000, 0x0000000100000000)
  eden space 10240K, 100% used [0x00000000eab00000,0x00000000eb500000,0x00000000eb500000)
  from space 1024K, 75% used [0x00000000eb800000,0x00000000eb8c1210,0x00000000eb900000)
  to   space 1024K, 0% used [0x00000000eb700000,0x00000000eb700000,0x00000000eb800000)
 ParOldGen       total 497664K, used 497428K [0x00000000c0000000, 0x00000000de600000, 0x00000000eab00000)
  object space 497664K, 99% used [0x00000000c0000000,0x00000000de5c5198,0x00000000de600000)
 Metaspace       used 85784K, committed 87296K, reserved 1179648K
  class space    used 8489K, committed 9152K, reserved 1048576K
}
Event: 34241.091 GC heap after
{Heap after GC invocations=1799 (full 6):
 PSYoungGen      total 11264K, used 564K [0x00000000eab00000, 0x00000000eb880000, 0x0000000100000000)
  eden space 10240K, 0% used [0x00000000eab00000,0x00000000eab00000,0x00000000eb500000)
  from space 1024K, 55% used [0x00000000eb700000,0x00000000eb78d200,0x00000000eb800000)
  to   space 512K, 0% used [0x00000000eb800000,0x00000000eb800000,0x00000000eb880000)
 ParOldGen       total 498176K, used 497796K [0x00000000c0000000, 0x00000000de680000, 0x00000000eab00000)
  object space 498176K, 99% used [0x00000000c0000000,0x00000000de621198,0x00000000de680000)
 Metaspace       used 85784K, committed 87296K, reserved 1179648K
  class space    used 8489K, committed 9152K, reserved 1048576K
}
Event: 34241.310 GC heap before
{Heap before GC invocations=1800 (full 6):
 PSYoungGen      total 11264K, used 10804K [0x00000000eab00000, 0x00000000eb880000, 0x0000000100000000)
  eden space 10240K, 100% used [0x00000000eab00000,0x00000000eb500000,0x00000000eb500000)
  from space 1024K, 55% used [0x00000000eb700000,0x00000000eb78d200,0x00000000eb800000)
  to   space 512K, 0% used [0x00000000eb800000,0x00000000eb800000,0x00000000eb880000)
 ParOldGen       total 498176K, used 497796K [0x00000000c0000000, 0x00000000de680000, 0x00000000eab00000)
  object space 498176K, 99% used [0x00000000c0000000,0x00000000de621198,0x00000000de680000)
 Metaspace       used 85791K, committed 87296K, reserved 1179648K
  class space    used 8489K, committed 9152K, reserved 1048576K
}
Event: 34241.313 GC heap after
{Heap after GC invocations=1800 (full 6):
 PSYoungGen      total 10752K, used 490K [0x00000000eab00000, 0x00000000eb900000, 0x0000000100000000)
  eden space 10240K, 0% used [0x00000000eab00000,0x00000000eab00000,0x00000000eb500000)
  from space 512K, 95% used [0x00000000eb800000,0x00000000eb87a910,0x00000000eb880000)
  to   space 2048K, 0% used [0x00000000eb500000,0x00000000eb500000,0x00000000eb700000)
 ParOldGen       total 499200K, used 498925K [0x00000000c0000000, 0x00000000de780000, 0x00000000eab00000)
  object space 499200K, 99% used [0x00000000c0000000,0x00000000de73b418,0x00000000de780000)
 Metaspace       used 85791K, committed 87296K, reserved 1179648K
  class space    used 8489K, committed 9152K, reserved 1048576K
}
Event: 34241.488 GC heap before
{Heap before GC invocations=1801 (full 6):
 PSYoungGen      total 10752K, used 10730K [0x00000000eab00000, 0x00000000eb900000, 0x0000000100000000)
  eden space 10240K, 99% used [0x00000000eab00000,0x00000000eb4ffff0,0x00000000eb500000)
  from space 512K, 95% used [0x00000000eb800000,0x00000000eb87a910,0x00000000eb880000)
  to   space 2048K, 0% used [0x00000000eb500000,0x00000000eb500000,0x00000000eb700000)
 ParOldGen       total 499200K, used 498925K [0x00000000c0000000, 0x00000000de780000, 0x00000000eab00000)
  object space 499200K, 99% used [0x00000000c0000000,0x00000000de73b418,0x00000000de780000)
 Metaspace       used 85799K, committed 87360K, reserved 1179648K
  class space    used 8490K, committed 9152K, reserved 1048576K
}
Event: 34241.490 GC heap after
{Heap after GC invocations=1801 (full 6):
 PSYoungGen      total 12288K, used 1210K [0x00000000eab00000, 0x00000000eb880000, 0x0000000100000000)
  eden space 10240K, 0% used [0x00000000eab00000,0x00000000eab00000,0x00000000eb500000)
  from space 2048K, 59% used [0x00000000eb500000,0x00000000eb62e900,0x00000000eb700000)
  to   space 1536K, 0% used [0x00000000eb700000,0x00000000eb700000,0x00000000eb880000)
 ParOldGen       total 499712K, used 499425K [0x00000000c0000000, 0x00000000de800000, 0x00000000eab00000)
  object space 499712K, 99% used [0x00000000c0000000,0x00000000de7b8628,0x00000000de800000)
 Metaspace       used 85799K, committed 87360K, reserved 1179648K
  class space    used 8490K, committed 9152K, reserved 1048576K
}
Event: 34241.768 GC heap before
{Heap before GC invocations=1802 (full 6):
 PSYoungGen      total 12288K, used 11450K [0x00000000eab00000, 0x00000000eb880000, 0x0000000100000000)
  eden space 10240K, 100% used [0x00000000eab00000,0x00000000eb500000,0x00000000eb500000)
  from space 2048K, 59% used [0x00000000eb500000,0x00000000eb62e900,0x00000000eb700000)
  to   space 1536K, 0% used [0x00000000eb700000,0x00000000eb700000,0x00000000eb880000)
 ParOldGen       total 499712K, used 499425K [0x00000000c0000000, 0x00000000de800000, 0x00000000eab00000)
  object space 499712K, 99% used [0x00000000c0000000,0x00000000de7b8628,0x00000000de800000)
 Metaspace       used 85799K, committed 87360K, reserved 1179648K
  class space    used 8490K, committed 9152K, reserved 1048576K
}
Event: 34241.771 GC heap after
{Heap after GC invocations=1802 (full 6):
 PSYoungGen      total 11264K, used 634K [0x00000000eab00000, 0x00000000eb800000, 0x0000000100000000)
  eden space 10240K, 0% used [0x00000000eab00000,0x00000000eab00000,0x00000000eb500000)
  from space 1024K, 61% used [0x00000000eb700000,0x00000000eb79e900,0x00000000eb800000)
  to   space 1024K, 0% used [0x00000000eb600000,0x00000000eb600000,0x00000000eb700000)
 ParOldGen       total 500736K, used 500518K [0x00000000c0000000, 0x00000000de900000, 0x00000000eab00000)
  object space 500736K, 99% used [0x00000000c0000000,0x00000000de8c9878,0x00000000de900000)
 Metaspace       used 85799K, committed 87360K, reserved 1179648K
  class space    used 8490K, committed 9152K, reserved 1048576K
}
Event: 34242.076 GC heap before
{Heap before GC invocations=1803 (full 6):
 PSYoungGen      total 11264K, used 10874K [0x00000000eab00000, 0x00000000eb800000, 0x0000000100000000)
  eden space 10240K, 100% used [0x00000000eab00000,0x00000000eb500000,0x00000000eb500000)
  from space 1024K, 61% used [0x00000000eb700000,0x00000000eb79e900,0x00000000eb800000)
  to   space 1024K, 0% used [0x00000000eb600000,0x00000000eb600000,0x00000000eb700000)
 ParOldGen       total 500736K, used 500518K [0x00000000c0000000, 0x00000000de900000, 0x00000000eab00000)
  object space 500736K, 99% used [0x00000000c0000000,0x00000000de8c9878,0x00000000de900000)
 Metaspace       used 85808K, committed 87360K, reserved 1179648K
  class space    used 8490K, committed 9152K, reserved 1048576K
}
Event: 34242.079 GC heap after
{Heap after GC invocations=1803 (full 6):
 PSYoungGen      total 11264K, used 1018K [0x00000000eab00000, 0x00000000ebd00000, 0x0000000100000000)
  eden space 10240K, 0% used [0x00000000eab00000,0x00000000eab00000,0x00000000eb500000)
  from space 1024K, 99% used [0x00000000eb600000,0x00000000eb6fe990,0x00000000eb700000)
  to   space 4096K, 0% used [0x00000000eb900000,0x00000000eb900000,0x00000000ebd00000)
 ParOldGen       total 503296K, used 502952K [0x00000000c0000000, 0x00000000deb80000, 0x00000000eab00000)
  object space 503296K, 99% used [0x00000000c0000000,0x00000000deb2a208,0x00000000deb80000)
 Metaspace       used 85808K, committed 87360K, reserved 1179648K
  class space    used 8490K, committed 9152K, reserved 1048576K
}
Event: 34242.099 GC heap before
{Heap before GC invocations=1804 (full 6):
 PSYoungGen      total 11264K, used 11258K [0x00000000eab00000, 0x00000000ebd00000, 0x0000000100000000)
  eden space 10240K, 100% used [0x00000000eab00000,0x00000000eb500000,0x00000000eb500000)
  from space 1024K, 99% used [0x00000000eb600000,0x00000000eb6fe990,0x00000000eb700000)
  to   space 4096K, 0% used [0x00000000eb900000,0x00000000eb900000,0x00000000ebd00000)
 ParOldGen       total 503296K, used 502952K [0x00000000c0000000, 0x00000000deb80000, 0x00000000eab00000)
  object space 503296K, 99% used [0x00000000c0000000,0x00000000deb2a208,0x00000000deb80000)
 Metaspace       used 85808K, committed 87360K, reserved 1179648K
  class space    used 8490K, committed 9152K, reserved 1048576K
}
Event: 34242.108 GC heap after
{Heap after GC invocations=1804 (full 6):
 PSYoungGen      total 14336K, used 4096K [0x00000000eab00000, 0x00000000ebd00000, 0x0000000100000000)
  eden space 10240K, 0% used [0x00000000eab00000,0x00000000eab00000,0x00000000eb500000)
  from space 4096K, 100% used [0x00000000eb900000,0x00000000ebd00000,0x00000000ebd00000)
  to   space 1024K, 0% used [0x00000000eb600000,0x00000000eb600000,0x00000000eb700000)
 ParOldGen       total 510464K, used 510122K [0x00000000c0000000, 0x00000000df280000, 0x00000000eab00000)
  object space 510464K, 99% used [0x00000000c0000000,0x00000000df22aba8,0x00000000df280000)
 Metaspace       used 85808K, committed 87360K, reserved 1179648K
  class space    used 8490K, committed 9152K, reserved 1048576K
}
Event: 34242.187 GC heap before
{Heap before GC invocations=1805 (full 6):
 PSYoungGen      total 14336K, used 13587K [0x00000000eab00000, 0x00000000ebd00000, 0x0000000100000000)
  eden space 10240K, 92% used [0x00000000eab00000,0x00000000eb444e00,0x00000000eb500000)
  from space 4096K, 100% used [0x00000000eb900000,0x00000000ebd00000,0x00000000ebd00000)
  to   space 1024K, 0% used [0x00000000eb600000,0x00000000eb600000,0x00000000eb700000)
 ParOldGen       total 510464K, used 510122K [0x00000000c0000000, 0x00000000df280000, 0x00000000eab00000)
  object space 510464K, 99% used [0x00000000c0000000,0x00000000df22aba8,0x00000000df280000)
 Metaspace       used 85810K, committed 87360K, reserved 1179648K
  class space    used 8490K, committed 9152K, reserved 1048576K
}
Event: 34242.194 GC heap after
{Heap after GC invocations=1805 (full 6):
 PSYoungGen      total 11264K, used 1024K [0x00000000eab00000, 0x00000000ebd00000, 0x0000000100000000)
  eden space 10240K, 0% used [0x00000000eab00000,0x00000000eab00000,0x00000000eb500000)
  from space 1024K, 100% used [0x00000000eb600000,0x00000000eb700000,0x00000000eb700000)
  to   space 4096K, 0% used [0x00000000eb900000,0x00000000eb900000,0x00000000ebd00000)
 ParOldGen       total 520192K, used 519701K [0x00000000c0000000, 0x00000000dfc00000, 0x00000000eab00000)
  object space 520192K, 99% used [0x00000000c0000000,0x00000000dfb85480,0x00000000dfc00000)
 Metaspace       used 85810K, committed 87360K, reserved 1179648K
  class space    used 8490K, committed 9152K, reserved 1048576K
}
Event: 34242.214 GC heap before
{Heap before GC invocations=1806 (full 6):
 PSYoungGen      total 11264K, used 11264K [0x00000000eab00000, 0x00000000ebd00000, 0x0000000100000000)
  eden space 10240K, 100% used [0x00000000eab00000,0x00000000eb500000,0x00000000eb500000)
  from space 1024K, 100% used [0x00000000eb600000,0x00000000eb700000,0x00000000eb700000)
  to   space 4096K, 0% used [0x00000000eb900000,0x00000000eb900000,0x00000000ebd00000)
 ParOldGen       total 520192K, used 519701K [0x00000000c0000000, 0x00000000dfc00000, 0x00000000eab00000)
  object space 520192K, 99% used [0x00000000c0000000,0x00000000dfb85480,0x00000000dfc00000)
 Metaspace       used 85810K, committed 87360K, reserved 1179648K
  class space    used 8490K, committed 9152K, reserved 1048576K
}
Event: 34242.220 GC heap after
{Heap after GC invocations=1806 (full 6):
 PSYoungGen      total 14336K, used 4087K [0x00000000eab00000, 0x00000000ebd00000, 0x0000000100000000)
  eden space 10240K, 0% used [0x00000000eab00000,0x00000000eab00000,0x00000000eb500000)
  from space 4096K, 99% used [0x00000000eb900000,0x00000000ebcfdf00,0x00000000ebd00000)
  to   space 1024K, 0% used [0x00000000eb600000,0x00000000eb600000,0x00000000eb700000)
 ParOldGen       total 525824K, used 525608K [0x00000000c0000000, 0x00000000e0180000, 0x00000000eab00000)
  object space 525824K, 99% used [0x00000000c0000000,0x00000000e014a120,0x00000000e0180000)
 Metaspace       used 85810K, committed 87360K, reserved 1179648K
  class space    used 8490K, committed 9152K, reserved 1048576K
}
Event: 34242.244 GC heap before
{Heap before GC invocations=1807 (full 6):
 PSYoungGen      total 14336K, used 11301K [0x00000000eab00000, 0x00000000ebd00000, 0x0000000100000000)
  eden space 10240K, 70% used [0x00000000eab00000,0x00000000eb20b6e8,0x00000000eb500000)
  from space 4096K, 99% used [0x00000000eb900000,0x00000000ebcfdf00,0x00000000ebd00000)
  to   space 1024K, 0% used [0x00000000eb600000,0x00000000eb600000,0x00000000eb700000)
 ParOldGen       total 525824K, used 525608K [0x00000000c0000000, 0x00000000e0180000, 0x00000000eab00000)
  object space 525824K, 99% used [0x00000000c0000000,0x00000000e014a120,0x00000000e0180000)
 Metaspace       used 85815K, committed 87360K, reserved 1179648K
  class space    used 8490K, committed 9152K, reserved 1048576K
}

