# JRE version: OpenJDK Runtime Environment Temurin-21.0.7+6 (21.0.7+6) (build 21.0.7+6-LTS)
# Java VM: OpenJDK 64-Bit Server VM Temurin-21.0.7+6 (21.0.7+6-LTS, mixed mode, sharing, tiered, compressed oops, compressed class ptrs, parallel gc, windows-amd64)
GC Precious Log:
 CardTable entry size: 512
 CPUs: 12 total, 12 available
 Memory: 7922M
 Large Page Support: Disabled
 NUMA Support: Disabled
 Compressed Oops: Enabled (32-bit)
 Alignments: Space 512K, Generation 512K, Heap 2M
 Heap Min Capacity: 100M
 Heap Initial Capacity: 100M
 Heap Max Capacity: 1G
 Pre-touch: Disabled
 Parallel Workers: 10
Heap:
 PSYoungGen      total 19968K, used 10106K [0x00000000eab00000, 0x00000000ec180000, 0x0000000100000000)
  eden space 17920K, 45% used [0x00000000eab00000,0x00000000eb2feb58,0x00000000ebc80000)
  from space 2048K, 93% used [0x00000000ebc80000,0x00000000ebe60020,0x00000000ebe80000)
  to   space 2560K, 0% used [0x00000000ebf00000,0x00000000ebf00000,0x00000000ec180000)
 ParOldGen       total 68608K, used 33338K [0x00000000c0000000, 0x00000000c4300000, 0x00000000eab00000)
  object space 68608K, 48% used [0x00000000c0000000,0x00000000c208eaf0,0x00000000c4300000)
 Metaspace       used 44220K, committed 45312K, reserved 1114112K
  class space    used 4322K, committed 4800K, reserved 1048576K
GC Heap History (20 events):
Event: 12.204 GC heap before
{Heap before GC invocations=18 (full 1):
 PSYoungGen      total 23552K, used 22976K [0x00000000eab00000, 0x00000000ec480000, 0x0000000100000000)
  eden space 20992K, 100% used [0x00000000eab00000,0x00000000ebf80000,0x00000000ebf80000)
  from space 2560K, 77% used [0x00000000ec200000,0x00000000ec3f0000,0x00000000ec480000)
  to   space 2560K, 0% used [0x00000000ebf80000,0x00000000ebf80000,0x00000000ec200000)
 ParOldGen       total 68608K, used 26477K [0x00000000c0000000, 0x00000000c4300000, 0x00000000eab00000)
  object space 68608K, 38% used [0x00000000c0000000,0x00000000c19db768,0x00000000c4300000)
 Metaspace       used 33312K, committed 34304K, reserved 1114112K
  class space    used 3283K, committed 3712K, reserved 1048576K
}
Event: 12.209 GC heap after
{Heap after GC invocations=18 (full 1):
 PSYoungGen      total 23040K, used 1632K [0x00000000eab00000, 0x00000000ec380000, 0x0000000100000000)
  eden space 20992K, 0% used [0x00000000eab00000,0x00000000eab00000,0x00000000ebf80000)
  from space 2048K, 79% used [0x00000000ebf80000,0x00000000ec118000,0x00000000ec180000)
  to   space 2048K, 0% used [0x00000000ec180000,0x00000000ec180000,0x00000000ec380000)
 ParOldGen       total 68608K, used 28310K [0x00000000c0000000, 0x00000000c4300000, 0x00000000eab00000)
  object space 68608K, 41% used [0x00000000c0000000,0x00000000c1ba5968,0x00000000c4300000)
 Metaspace       used 33312K, committed 34304K, reserved 1114112K
  class space    used 3283K, committed 3712K, reserved 1048576K
}
Event: 12.817 GC heap before
{Heap before GC invocations=19 (full 1):
 PSYoungGen      total 23040K, used 19196K [0x00000000eab00000, 0x00000000ec380000, 0x0000000100000000)
  eden space 20992K, 83% used [0x00000000eab00000,0x00000000ebc27060,0x00000000ebf80000)
  from space 2048K, 79% used [0x00000000ebf80000,0x00000000ec118000,0x00000000ec180000)
  to   space 2048K, 0% used [0x00000000ec180000,0x00000000ec180000,0x00000000ec380000)
 ParOldGen       total 68608K, used 28310K [0x00000000c0000000, 0x00000000c4300000, 0x00000000eab00000)
  object space 68608K, 41% used [0x00000000c0000000,0x00000000c1ba5968,0x00000000c4300000)
 Metaspace       used 34934K, committed 35840K, reserved 1114112K
  class space    used 3473K, committed 3904K, reserved 1048576K
}
Event: 12.821 GC heap after
{Heap after GC invocations=19 (full 1):
 PSYoungGen      total 22016K, used 677K [0x00000000eab00000, 0x00000000ec280000, 0x0000000100000000)
  eden space 20992K, 0% used [0x00000000eab00000,0x00000000eab00000,0x00000000ebf80000)
  from space 1024K, 66% used [0x00000000ec180000,0x00000000ec229568,0x00000000ec280000)
  to   space 1536K, 0% used [0x00000000ebf80000,0x00000000ebf80000,0x00000000ec100000)
 ParOldGen       total 68608K, used 29748K [0x00000000c0000000, 0x00000000c4300000, 0x00000000eab00000)
  object space 68608K, 43% used [0x00000000c0000000,0x00000000c1d0d268,0x00000000c4300000)
 Metaspace       used 34934K, committed 35840K, reserved 1114112K
  class space    used 3473K, committed 3904K, reserved 1048576K
}
Event: 12.821 GC heap before
{Heap before GC invocations=20 (full 2):
 PSYoungGen      total 22016K, used 677K [0x00000000eab00000, 0x00000000ec280000, 0x0000000100000000)
  eden space 20992K, 0% used [0x00000000eab00000,0x00000000eab00000,0x00000000ebf80000)
  from space 1024K, 66% used [0x00000000ec180000,0x00000000ec229568,0x00000000ec280000)
  to   space 1536K, 0% used [0x00000000ebf80000,0x00000000ebf80000,0x00000000ec100000)
 ParOldGen       total 68608K, used 29748K [0x00000000c0000000, 0x00000000c4300000, 0x00000000eab00000)
  object space 68608K, 43% used [0x00000000c0000000,0x00000000c1d0d268,0x00000000c4300000)
 Metaspace       used 34934K, committed 35840K, reserved 1114112K
  class space    used 3473K, committed 3904K, reserved 1048576K
}
Event: 12.882 GC heap after
{Heap after GC invocations=20 (full 2):
 PSYoungGen      total 22016K, used 0K [0x00000000eab00000, 0x00000000ec280000, 0x0000000100000000)
  eden space 20992K, 0% used [0x00000000eab00000,0x00000000eab00000,0x00000000ebf80000)
  from space 1024K, 0% used [0x00000000ec180000,0x00000000ec180000,0x00000000ec280000)
  to   space 1536K, 0% used [0x00000000ebf80000,0x00000000ebf80000,0x00000000ec100000)
 ParOldGen       total 68608K, used 28861K [0x00000000c0000000, 0x00000000c4300000, 0x00000000eab00000)
  object space 68608K, 42% used [0x00000000c0000000,0x00000000c1c2f6a0,0x00000000c4300000)
 Metaspace       used 34863K, committed 35840K, reserved 1114112K
  class space    used 3453K, committed 3904K, reserved 1048576K
}
Event: 13.551 GC heap before
{Heap before GC invocations=21 (full 2):
 PSYoungGen      total 22016K, used 20937K [0x00000000eab00000, 0x00000000ec280000, 0x0000000100000000)
  eden space 20992K, 99% used [0x00000000eab00000,0x00000000ebf727c0,0x00000000ebf80000)
  from space 1024K, 0% used [0x00000000ec180000,0x00000000ec180000,0x00000000ec280000)
  to   space 1536K, 0% used [0x00000000ebf80000,0x00000000ebf80000,0x00000000ec100000)
 ParOldGen       total 68608K, used 28861K [0x00000000c0000000, 0x00000000c4300000, 0x00000000eab00000)
  object space 68608K, 42% used [0x00000000c0000000,0x00000000c1c2f6a0,0x00000000c4300000)
 Metaspace       used 36464K, committed 37440K, reserved 1114112K
  class space    used 3596K, committed 4032K, reserved 1048576K
}
Event: 13.554 GC heap after
{Heap after GC invocations=21 (full 2):
 PSYoungGen      total 22528K, used 544K [0x00000000eab00000, 0x00000000ec200000, 0x0000000100000000)
  eden space 20992K, 0% used [0x00000000eab00000,0x00000000eab00000,0x00000000ebf80000)
  from space 1536K, 35% used [0x00000000ebf80000,0x00000000ec008000,0x00000000ec100000)
  to   space 1024K, 0% used [0x00000000ec100000,0x00000000ec100000,0x00000000ec200000)
 ParOldGen       total 68608K, used 28869K [0x00000000c0000000, 0x00000000c4300000, 0x00000000eab00000)
  object space 68608K, 42% used [0x00000000c0000000,0x00000000c1c316a0,0x00000000c4300000)
 Metaspace       used 36464K, committed 37440K, reserved 1114112K
  class space    used 3596K, committed 4032K, reserved 1048576K
}
Event: 13.654 GC heap before
{Heap before GC invocations=22 (full 2):
 PSYoungGen      total 22528K, used 21513K [0x00000000eab00000, 0x00000000ec200000, 0x0000000100000000)
  eden space 20992K, 99% used [0x00000000eab00000,0x00000000ebf7a528,0x00000000ebf80000)
  from space 1536K, 35% used [0x00000000ebf80000,0x00000000ec008000,0x00000000ec100000)
  to   space 1024K, 0% used [0x00000000ec100000,0x00000000ec100000,0x00000000ec200000)
 ParOldGen       total 68608K, used 28869K [0x00000000c0000000, 0x00000000c4300000, 0x00000000eab00000)
  object space 68608K, 42% used [0x00000000c0000000,0x00000000c1c316a0,0x00000000c4300000)
 Metaspace       used 36493K, committed 37440K, reserved 1114112K
  class space    used 3596K, committed 4032K, reserved 1048576K
}
Event: 13.663 GC heap after
{Heap after GC invocations=22 (full 2):
 PSYoungGen      total 22016K, used 761K [0x00000000eab00000, 0x00000000ec200000, 0x0000000100000000)
  eden space 20992K, 0% used [0x00000000eab00000,0x00000000eab00000,0x00000000ebf80000)
  from space 1024K, 74% used [0x00000000ec100000,0x00000000ec1be7f8,0x00000000ec200000)
  to   space 1024K, 0% used [0x00000000ec000000,0x00000000ec000000,0x00000000ec100000)
 ParOldGen       total 68608K, used 29253K [0x00000000c0000000, 0x00000000c4300000, 0x00000000eab00000)
  object space 68608K, 42% used [0x00000000c0000000,0x00000000c1c916a0,0x00000000c4300000)
 Metaspace       used 36493K, committed 37440K, reserved 1114112K
  class space    used 3596K, committed 4032K, reserved 1048576K
}
Event: 13.972 GC heap before
{Heap before GC invocations=23 (full 2):
 PSYoungGen      total 22016K, used 21753K [0x00000000eab00000, 0x00000000ec200000, 0x0000000100000000)
  eden space 20992K, 100% used [0x00000000eab00000,0x00000000ebf80000,0x00000000ebf80000)
  from space 1024K, 74% used [0x00000000ec100000,0x00000000ec1be7f8,0x00000000ec200000)
  to   space 1024K, 0% used [0x00000000ec000000,0x00000000ec000000,0x00000000ec100000)
 ParOldGen       total 68608K, used 29253K [0x00000000c0000000, 0x00000000c4300000, 0x00000000eab00000)
  object space 68608K, 42% used [0x00000000c0000000,0x00000000c1c916a0,0x00000000c4300000)
 Metaspace       used 37824K, committed 38784K, reserved 1114112K
  class space    used 3714K, committed 4160K, reserved 1048576K
}
Event: 13.981 GC heap after
{Heap after GC invocations=23 (full 2):
 PSYoungGen      total 21504K, used 416K [0x00000000eab00000, 0x00000000ec180000, 0x0000000100000000)
  eden space 20992K, 0% used [0x00000000eab00000,0x00000000eab00000,0x00000000ebf80000)
  from space 512K, 81% used [0x00000000ec000000,0x00000000ec068000,0x00000000ec080000)
  to   space 1024K, 0% used [0x00000000ec080000,0x00000000ec080000,0x00000000ec180000)
 ParOldGen       total 68608K, used 29285K [0x00000000c0000000, 0x00000000c4300000, 0x00000000eab00000)
  object space 68608K, 42% used [0x00000000c0000000,0x00000000c1c996a0,0x00000000c4300000)
 Metaspace       used 37824K, committed 38784K, reserved 1114112K
  class space    used 3714K, committed 4160K, reserved 1048576K
}
Event: 15.615 GC heap before
{Heap before GC invocations=24 (full 2):
 PSYoungGen      total 21504K, used 21408K [0x00000000eab00000, 0x00000000ec180000, 0x0000000100000000)
  eden space 20992K, 100% used [0x00000000eab00000,0x00000000ebf80000,0x00000000ebf80000)
  from space 512K, 81% used [0x00000000ec000000,0x00000000ec068000,0x00000000ec080000)
  to   space 1024K, 0% used [0x00000000ec080000,0x00000000ec080000,0x00000000ec180000)
 ParOldGen       total 68608K, used 29285K [0x00000000c0000000, 0x00000000c4300000, 0x00000000eab00000)
  object space 68608K, 42% used [0x00000000c0000000,0x00000000c1c996a0,0x00000000c4300000)
 Metaspace       used 40532K, committed 41536K, reserved 1114112K
  class space    used 3964K, committed 4416K, reserved 1048576K
}
Event: 15.619 GC heap after
{Heap after GC invocations=24 (full 2):
 PSYoungGen      total 20480K, used 992K [0x00000000eab00000, 0x00000000ec480000, 0x0000000100000000)
  eden space 19456K, 0% used [0x00000000eab00000,0x00000000eab00000,0x00000000ebe00000)
  from space 1024K, 96% used [0x00000000ec080000,0x00000000ec178050,0x00000000ec180000)
  to   space 2560K, 0% used [0x00000000ebe00000,0x00000000ebe00000,0x00000000ec080000)
 ParOldGen       total 68608K, used 30111K [0x00000000c0000000, 0x00000000c4300000, 0x00000000eab00000)
  object space 68608K, 43% used [0x00000000c0000000,0x00000000c1d67ec0,0x00000000c4300000)
 Metaspace       used 40532K, committed 41536K, reserved 1114112K
  class space    used 3964K, committed 4416K, reserved 1048576K
}
Event: 15.952 GC heap before
{Heap before GC invocations=25 (full 2):
 PSYoungGen      total 20480K, used 20448K [0x00000000eab00000, 0x00000000ec480000, 0x0000000100000000)
  eden space 19456K, 99% used [0x00000000eab00000,0x00000000ebdfffe8,0x00000000ebe00000)
  from space 1024K, 96% used [0x00000000ec080000,0x00000000ec178050,0x00000000ec180000)
  to   space 2560K, 0% used [0x00000000ebe00000,0x00000000ebe00000,0x00000000ec080000)
 ParOldGen       total 68608K, used 30111K [0x00000000c0000000, 0x00000000c4300000, 0x00000000eab00000)
  object space 68608K, 43% used [0x00000000c0000000,0x00000000c1d67ec0,0x00000000c4300000)
 Metaspace       used 41058K, committed 42176K, reserved 1114112K
  class space    used 4021K, committed 4544K, reserved 1048576K
}
Event: 15.955 GC heap after
{Heap after GC invocations=25 (full 2):
 PSYoungGen      total 20992K, used 1072K [0x00000000eab00000, 0x00000000ec100000, 0x0000000100000000)
  eden space 19456K, 0% used [0x00000000eab00000,0x00000000eab00000,0x00000000ebe00000)
  from space 1536K, 69% used [0x00000000ebe00000,0x00000000ebf0c010,0x00000000ebf80000)
  to   space 1536K, 0% used [0x00000000ebf80000,0x00000000ebf80000,0x00000000ec100000)
 ParOldGen       total 68608K, used 30916K [0x00000000c0000000, 0x00000000c4300000, 0x00000000eab00000)
  object space 68608K, 45% used [0x00000000c0000000,0x00000000c1e313f0,0x00000000c4300000)
 Metaspace       used 41058K, committed 42176K, reserved 1114112K
  class space    used 4021K, committed 4544K, reserved 1048576K
}
Event: 29.184 GC heap before
{Heap before GC invocations=26 (full 2):
 PSYoungGen      total 20992K, used 20528K [0x00000000eab00000, 0x00000000ec100000, 0x0000000100000000)
  eden space 19456K, 100% used [0x00000000eab00000,0x00000000ebe00000,0x00000000ebe00000)
  from space 1536K, 69% used [0x00000000ebe00000,0x00000000ebf0c010,0x00000000ebf80000)
  to   space 1536K, 0% used [0x00000000ebf80000,0x00000000ebf80000,0x00000000ec100000)
 ParOldGen       total 68608K, used 30916K [0x00000000c0000000, 0x00000000c4300000, 0x00000000eab00000)
  object space 68608K, 45% used [0x00000000c0000000,0x00000000c1e313f0,0x00000000c4300000)
 Metaspace       used 43141K, committed 44288K, reserved 1114112K
  class space    used 4236K, committed 4736K, reserved 1048576K
}
Event: 29.191 GC heap after
{Heap after GC invocations=26 (full 2):
 PSYoungGen      total 19456K, used 1506K [0x00000000eab00000, 0x00000000ec400000, 0x0000000100000000)
  eden space 17920K, 0% used [0x00000000eab00000,0x00000000eab00000,0x00000000ebc80000)
  from space 1536K, 98% used [0x00000000ebf80000,0x00000000ec0f8910,0x00000000ec100000)
  to   space 3072K, 0% used [0x00000000ebc80000,0x00000000ebc80000,0x00000000ebf80000)
 ParOldGen       total 68608K, used 31996K [0x00000000c0000000, 0x00000000c4300000, 0x00000000eab00000)
  object space 68608K, 46% used [0x00000000c0000000,0x00000000c1f3f068,0x00000000c4300000)
 Metaspace       used 43141K, committed 44288K, reserved 1114112K
  class space    used 4236K, committed 4736K, reserved 1048576K
}
Event: 31.250 GC heap before
{Heap before GC invocations=27 (full 2):
 PSYoungGen      total 19456K, used 19426K [0x00000000eab00000, 0x00000000ec400000, 0x0000000100000000)
  eden space 17920K, 100% used [0x00000000eab00000,0x00000000ebc80000,0x00000000ebc80000)
  from space 1536K, 98% used [0x00000000ebf80000,0x00000000ec0f8910,0x00000000ec100000)
  to   space 3072K, 0% used [0x00000000ebc80000,0x00000000ebc80000,0x00000000ebf80000)
 ParOldGen       total 68608K, used 31996K [0x00000000c0000000, 0x00000000c4300000, 0x00000000eab00000)
  object space 68608K, 46% used [0x00000000c0000000,0x00000000c1f3f068,0x00000000c4300000)
 Metaspace       used 43985K, committed 45120K, reserved 1114112K
  class space    used 4304K, committed 4800K, reserved 1048576K
}
Event: 31.254 GC heap after
{Heap after GC invocations=27 (full 2):
 PSYoungGen      total 19968K, used 1920K [0x00000000eab00000, 0x00000000ec180000, 0x0000000100000000)
  eden space 17920K, 0% used [0x00000000eab00000,0x00000000eab00000,0x00000000ebc80000)
  from space 2048K, 93% used [0x00000000ebc80000,0x00000000ebe60020,0x00000000ebe80000)
  to   space 2560K, 0% used [0x00000000ebf00000,0x00000000ebf00000,0x00000000ec180000)
 ParOldGen       total 68608K, used 33338K [0x00000000c0000000, 0x00000000c4300000, 0x00000000eab00000)
  object space 68608K, 48% used [0x00000000c0000000,0x00000000c208eaf0,0x00000000c4300000)
 Metaspace       used 43985K, committed 45120K, reserved 1114112K
  class space    used 4304K, committed 4800K, reserved 1048576K
}

